2020-01-31 08:37:26.917  INFO 19732 --- [main] c.lobo.inventario.InventarioApplication  : Starting InventarioApplication on NB-FLOBOS with PID 19732 (C:\_stash\inventario\target\classes started by NB-FELOBOS in C:\_stash\inventario)
2020-01-31 08:37:26.917  INFO 19732 --- [main] c.lobo.inventario.InventarioApplication  : No active profile set, falling back to default profiles: default
2020-01-31 08:37:28.603  INFO 19732 --- [main] .s.d.r.c.RepositoryConfigurationDelegate : Bootstrapping Spring Data JPA repositories in DEFAULT mode.
2020-01-31 08:37:28.696  INFO 19732 --- [main] .s.d.r.c.RepositoryConfigurationDelegate : Finished Spring Data repository scanning in 77ms. Found 1 JPA repository interfaces.
2020-01-31 08:37:29.133  INFO 19732 --- [main] trationDelegate$BeanPostProcessorChecker : Bean 'org.springframework.transaction.annotation.ProxyTransactionManagementConfiguration' of type [org.springframework.transaction.annotation.ProxyTransactionManagementConfiguration] is not eligible for getting processed by all BeanPostProcessors (for example: not eligible for auto-proxying)
2020-01-31 08:37:29.665  INFO 19732 --- [main] o.s.b.w.embedded.tomcat.TomcatWebServer  : Tomcat initialized with port(s): 8080 (http)
2020-01-31 08:37:29.665  INFO 19732 --- [main] o.apache.catalina.core.StandardService   : Starting service [Tomcat]
2020-01-31 08:37:29.665  INFO 19732 --- [main] org.apache.catalina.core.StandardEngine  : Starting Servlet engine: [Apache Tomcat/9.0.30]
2020-01-31 08:37:29.840  INFO 19732 --- [main] o.a.c.c.C.[Tomcat].[localhost].[/]       : Initializing Spring embedded WebApplicationContext
2020-01-31 08:37:29.841  INFO 19732 --- [main] o.s.web.context.ContextLoader            : Root WebApplicationContext: initialization completed in 2830 ms
2020-01-31 08:37:30.280  INFO 19732 --- [main] o.hibernate.jpa.internal.util.LogHelper  : HHH000204: Processing PersistenceUnitInfo [name: default]
2020-01-31 08:37:30.374  INFO 19732 --- [main] org.hibernate.Version                    : HHH000412: Hibernate Core {5.4.10.Final}
2020-01-31 08:37:30.540  INFO 19732 --- [main] o.hibernate.annotations.common.Version   : HCANN000001: Hibernate Commons Annotations {5.1.0.Final}
2020-01-31 08:37:30.697  INFO 19732 --- [main] com.zaxxer.hikari.HikariDataSource       : HikariPool-1 - Starting...
2020-01-31 08:37:30.899  INFO 19732 --- [main] com.zaxxer.hikari.HikariDataSource       : HikariPool-1 - Start completed.
2020-01-31 08:37:30.915  INFO 19732 --- [main] org.hibernate.dialect.Dialect            : HHH000400: Using dialect: org.hibernate.dialect.MySQL55Dialect
2020-01-31 08:37:31.665  INFO 19732 --- [main] o.h.e.t.j.p.i.JtaPlatformInitiator       : HHH000490: Using JtaPlatform implementation: [org.hibernate.engine.transaction.jta.platform.internal.NoJtaPlatform]
2020-01-31 08:37:31.665  INFO 19732 --- [main] j.LocalContainerEntityManagerFactoryBean : Initialized JPA EntityManagerFactory for persistence unit 'default'
2020-01-31 08:37:32.477  WARN 19732 --- [main] JpaBaseConfiguration$JpaWebConfiguration : spring.jpa.open-in-view is enabled by default. Therefore, database queries may be performed during view rendering. Explicitly configure spring.jpa.open-in-view to disable this warning
2020-01-31 08:37:32.649  INFO 19732 --- [main] o.s.b.a.e.web.EndpointLinksResolver      : Exposing 2 endpoint(s) beneath base path '/actuator'
2020-01-31 08:37:32.788  INFO 19732 --- [main] pertySourcedRequestMappingHandlerMapping : Mapped URL path [/v2/api-docs] onto method [springfox.documentation.swagger2.web.Swagger2Controller#getDocumentation(String, HttpServletRequest)]
2020-01-31 08:37:32.977  INFO 19732 --- [main] o.s.s.concurrent.ThreadPoolTaskExecutor  : Initializing ExecutorService 'applicationTaskExecutor'
2020-01-31 08:37:33.282  INFO 19732 --- [main] d.s.w.p.DocumentationPluginsBootstrapper : Context refreshed
2020-01-31 08:37:33.322  INFO 19732 --- [main] d.s.w.p.DocumentationPluginsBootstrapper : Found 1 custom documentation plugin(s)
2020-01-31 08:37:33.367  INFO 19732 --- [main] s.d.s.w.s.ApiListingReferenceScanner     : Scanning for api listing references
2020-01-31 08:37:33.587  INFO 19732 --- [main] .d.s.w.r.o.CachingOperationNameGenerator : Generating unique operation named: handleUsingGET_1
2020-01-31 08:37:33.602  INFO 19732 --- [main] .d.s.w.r.o.CachingOperationNameGenerator : Generating unique operation named: handleUsingGET_2
2020-01-31 08:37:33.835  INFO 19732 --- [main] o.s.b.w.embedded.tomcat.TomcatWebServer  : Tomcat started on port(s): 8080 (http) with context path ''
2020-01-31 08:37:33.837  INFO 19732 --- [main] c.lobo.inventario.InventarioApplication  : Started InventarioApplication in 7.441 seconds (JVM running for 7.977)
